<?xml version="1.0" encoding="UTF-8"?>
<!-- Generated by org.testng.reporters.JUnitXMLReporter -->
<testsuite ignored="0" hostname="DESKTOP-2HDGKTC" failures="0" tests="4" name="Default test" time="1.649" errors="0" timestamp="2023-06-19T14:14:18 IST">
  <testcase classname="assignment.Data_Driven_Using_Excel" name="Data" time="0.018"/>
  <testcase classname="assignment.Data_Driven_Using_Excel" name="Data" time="0.03"/>
  <testcase classname="assignment.Data_Driven_Using_Excel" name="Data" time="0.01"/>
  <testcase classname="assignment.Data_Driven_Using_Excel" name="Data" time="0.005"/>
</testsuite> <!-- Default test -->
