<?xml version="1.0" encoding="UTF-8"?>
<!-- Generated by org.testng.reporters.JUnitXMLReporter -->
<testsuite ignored="1" hostname="DESKTOP-2HDGKTC" failures="0" tests="1" name="kavi1" time="10.767" errors="0" timestamp="2023-06-16T18:04:47 IST">
  <testcase classname="InstagramTest.Test" name="logincredentials" time="4.904"/>
  <testcase classname="InstagramTest.Test" name="InvalidusernamePassword" time="0.0">
    <ignored/>
  </testcase> <!-- InvalidusernamePassword -->
</testsuite> <!-- kavi1 -->
