<?xml version="1.0" encoding="UTF-8"?>
<!-- Generated by org.testng.reporters.JUnitXMLReporter -->
<testsuite ignored="1" hostname="DESKTOP-2HDGKTC" failures="0" tests="14" name="Tests" time="0.409" errors="0" timestamp="2023-06-15T12:30:02 IST">
  <testcase classname="Tests.ClassTest1" name="Aftermethod2" time="0.023"/>
  <testcase classname="Tests.ClassTest1" name="Aftermethod3" time="0.008"/>
  <testcase classname="Tests.ClassTest1" name="Aftermethod4" time="0.012"/>
  <testcase classname="Tests.ClassTest1" name="Aftermethod5" time="0.005"/>
  <testcase classname="Tests.classtests2" name="Aftermethod" time="0.005"/>
  <testcase classname="Tests.classtests2" name="Aftermethod2classtests2" time="0.012"/>
  <testcase classname="Tests.classtests2" name="Aftermethod3classtests2" time="0.008"/>
  <testcase classname="Tests.classtests2" name="Aftermethod4classtests2" time="0.01"/>
  <testcase classname="Tests.classtests2" name="Aftermethod5classtests2" time="0.016"/>
  <testcase classname="Tests.classtest3" name="Aftermethod" time="0.003"/>
  <testcase classname="Tests.classtest3" name="Aftermethod1classtest3" time="0.003"/>
  <testcase classname="Tests.classtest3" name="Aftermethod2classtest3" time="0.005"/>
  <testcase classname="Tests.classtest3" name="Aftermethod3classtest3" time="0.008"/>
  <testcase classname="Tests.classtest3" name="Aftermethod4classtest3" time="0.003"/>
  <testcase classname="Tests.ClassTest1" name="Aftermethod" time="0.0">
    <ignored/>
  </testcase> <!-- Aftermethod -->
</testsuite> <!-- Tests -->
