<?xml version="1.0" encoding="UTF-8"?>
<testng-results ignored="0" total="4" passed="4" failed="0" skipped="0">
  <reporter-output>
  </reporter-output>
  <suite started-at="2023-06-19T14:14:16 IST" name="Default suite" finished-at="2023-06-19T14:14:18 IST" duration-ms="1649">
    <groups>
    </groups>
    <test started-at="2023-06-19T14:14:16 IST" name="Default test" finished-at="2023-06-19T14:14:18 IST" duration-ms="1649">
      <class name="assignment.Data_Driven_Using_Excel">
        <test-method signature="Data(org.apache.poi.xssf.usermodel.XSSFCell,org.apache.poi.xssf.usermodel.XSSFCell)[pri:0, instance:assignment.Data_Driven_Using_Excel@7c137fd5]" started-at="2023-06-19T14:14:18 IST" name="Data" data-provider="name1" finished-at="2023-06-19T14:14:18 IST" duration-ms="18" status="PASS">
          <params>
            <param index="0">
              <value>
                <![CDATA[Name ]]>
              </value>
            </param>
            <param index="1">
              <value>
                <![CDATA[RollNo]]>
              </value>
            </param>
          </params>
          <reporter-output>
          </reporter-output>
        </test-method> <!-- Data -->
        <test-method signature="Data(org.apache.poi.xssf.usermodel.XSSFCell,org.apache.poi.xssf.usermodel.XSSFCell)[pri:0, instance:assignment.Data_Driven_Using_Excel@7c137fd5]" started-at="2023-06-19T14:14:18 IST" name="Data" data-provider="name1" finished-at="2023-06-19T14:14:18 IST" duration-ms="30" status="PASS">
          <params>
            <param index="0">
              <value>
                <![CDATA[Aremarati Chetan]]>
              </value>
            </param>
            <param index="1">
              <value>
                <![CDATA[1.0]]>
              </value>
            </param>
          </params>
          <reporter-output>
          </reporter-output>
        </test-method> <!-- Data -->
        <test-method signature="Data(org.apache.poi.xssf.usermodel.XSSFCell,org.apache.poi.xssf.usermodel.XSSFCell)[pri:0, instance:assignment.Data_Driven_Using_Excel@7c137fd5]" started-at="2023-06-19T14:14:18 IST" name="Data" data-provider="name1" finished-at="2023-06-19T14:14:18 IST" duration-ms="10" status="PASS">
          <params>
            <param index="0">
              <value>
                <![CDATA[Aremarati pradeep]]>
              </value>
            </param>
            <param index="1">
              <value>
                <![CDATA[2.0]]>
              </value>
            </param>
          </params>
          <reporter-output>
          </reporter-output>
        </test-method> <!-- Data -->
        <test-method signature="Data(org.apache.poi.xssf.usermodel.XSSFCell,org.apache.poi.xssf.usermodel.XSSFCell)[pri:0, instance:assignment.Data_Driven_Using_Excel@7c137fd5]" started-at="2023-06-19T14:14:18 IST" name="Data" data-provider="name1" finished-at="2023-06-19T14:14:18 IST" duration-ms="5" status="PASS">
          <params>
            <param index="0">
              <value>
                <![CDATA[Vishal]]>
              </value>
            </param>
            <param index="1">
              <value>
                <![CDATA[3.0]]>
              </value>
            </param>
          </params>
          <reporter-output>
          </reporter-output>
        </test-method> <!-- Data -->
      </class> <!-- assignment.Data_Driven_Using_Excel -->
    </test> <!-- Default test -->
  </suite> <!-- Default suite -->
</testng-results>
